Arguments: 
  /usr/bin/node /usr/share/yarn/bin/yarn.js install

PATH: 
  /usr/local/sbin:/usr/local/bin:/usr/sbin:/usr/bin:/sbin:/bin:/usr/games:/usr/local/games:/usr/lib/wsl/lib:/mnt/c/WINDOWS/system32:/mnt/c/WINDOWS:/mnt/c/WINDOWS/System32/Wbem:/mnt/c/WINDOWS/System32/WindowsPowerShell/v1.0/:/mnt/c/WINDOWS/System32/OpenSSH/:/mnt/c/Program Files/Microsoft VS Code/bin:/mnt/c/Program Files/PuTTY/:/mnt/c/Program Files/Docker/Docker/resources/bin:/mnt/c/Program Files/Go/bin:/mnt/c/Program Files/Git/cmd:/mnt/c/Users/setia/AppData/Local/Microsoft/WindowsApps:/mnt/c/Program Files/JetBrains/GoLand 2022.3.1/bin:/mnt/c/Program Files/JetBrains/PhpStorm 2022.3.1/bin:/mnt/c/Program Files/JetBrains/WebStorm 2022.3.1/bin:/mnt/c/Users/setia/go/bin:/usr/local/go/bin

Yarn version: 
  1.22.19

Node version: 
  16.19.1

Platform: 
  linux x64

Trace: 
  Error: getaddrinfo EAI_AGAIN registry.yarnpkg.com
      at GetAddrInfoReqWrap.onlookup [as oncomplete] (node:dns:109:26)

npm manifest: 
  {
    "name": "simple-light-react",
    "version": "0.1.0",
    "scripts": {
      "dev": "vite",
      "build": "vite build",
      "preview": "vite preview"
    },
    "dependencies": {
      "@tailwindcss/forms": "^0.5.3",
      "aos": "^3.0.0-beta.6",
      "react": "^18.2.0",
      "react-dom": "^18.2.0",
      "react-flatpickr": "^3.10.13",
      "react-router-dom": "^6.8.1",
      "react-transition-group": "^4.4.5",
      "sticky-js": "^1.3.0"
    },
    "devDependencies": {
      "@vitejs/plugin-react": "^3.1.0",
      "autoprefixer": "^10.4.13",
      "postcss": "^8.4.21",
      "sass": "^1.58.0",
      "tailwindcss": "^3.2.6",
      "vite": "^4.1.1"
    }
  }

yarn manifest: 
  No manifest

Lockfile: 
  No lockfile
